<?xml version="1.0" encoding="UTF-8"?>
<testsuite xmlns:xsi="http://www.w3.org/2001/XMLSchema-instance" xsi:noNamespaceSchemaLocation="https://maven.apache.org/surefire/maven-surefire-plugin/xsd/surefire-test-report.xsd" version="3.0.2" name="ido.style.StyleSnapApplicationTests" time="10.045" tests="1" errors="0" skipped="0" failures="0">
  <properties>
[...]
</properties>
  <testcase name="contextLoads" classname="ido.style.StyleSnapApplicationTests" time="2.253">
    <system-out><![CDATA[13:42:04.509 [main] INFO org.springframework.test.context.support.AnnotationConfigContextLoaderUtils -- Could not detect default configuration classes for test class [ido.style.StyleSnapApplicationTests]: StyleSnapApplicationTests does not declare any static, non-private, non-final, nested classes annotated with @Configuration.
13:42:04.822 [main] INFO org.springframework.boot.test.context.SpringBootTestContextBootstrapper -- Found @SpringBootConfiguration ido.style.StyleCodiApplication for test class ido.style.StyleSnapApplicationTests
13:42:05.222 [main] INFO org.springframework.boot.devtools.restart.RestartApplicationListener -- Restart disabled due to context in which it is running

  .   ____          _            __ _ _
 /\\ / ___'_ __ _ _(_)_ __  __ _ \ \ \ \
( ( )\___ | '_ | '_| | '_ \/ _` | \ \ \ \
 \\/  ___)| |_)| | | | | || (_| |  ) ) ) )
  '  |____| .__|_| |_|_| |_\__, | / / / /
 =========|_|==============|___/=/_/_/_/

 :: Spring Boot ::                (v3.4.1)

2025-02-13T13:42:05.860+09:00  INFO 11960 --- [StyleCodi] [           main] ido.style.StyleSnapApplicationTests      : Starting StyleSnapApplicationTests using Java 21.0.5 with PID 11960 (started by idodo in C:\Users\idodo\Documents\Study1\2024.01.05_StyleCodi_SpringBoot-master)
2025-02-13T13:42:05.862+09:00  INFO 11960 --- [StyleCodi] [           main] ido.style.StyleSnapApplicationTests      : No active profile set, falling back to 1 default profile: "default"
2025-02-13T13:42:10.486+09:00  INFO 11960 --- [StyleCodi] [           main] r$InitializeUserDetailsManagerConfigurer : Global AuthenticationManager configured with UserDetailsService bean with name securityUserDetailsService
2025-02-13T13:42:11.890+09:00  INFO 11960 --- [StyleCodi] [           main] ido.style.StyleSnapApplicationTests      : Started StyleSnapApplicationTests in 6.703 seconds (process running for 9.241)
]]></system-out>
    <system-err><![CDATA[Mockito is currently self-attaching to enable the inline-mock-maker. This will no longer work in future releases of the JDK. Please add Mockito as an agent to your build what is described in Mockito's documentation: https://javadoc.io/doc/org.mockito/mockito-core/latest/org/mockito/Mockito.html#0.3
WARNING: A Java agent has been loaded dynamically (C:\Users\idodo\.m2\repository\net\bytebuddy\byte-buddy-agent\1.15.11\byte-buddy-agent-1.15.11.jar)
WARNING: If a serviceability tool is in use, please run with -XX:+EnableDynamicAgentLoading to hide this warning
WARNING: If a serviceability tool is not in use, please run with -Djdk.instrument.traceUsage for more information
WARNING: Dynamic loading of agents will be disallowed by default in a future release
]]></system-err>
  </testcase>
</testsuite>